[2026-07-10T15:23:21.635Z] Starting Website Cloner Pro {"targetUrl":"https://qr.saudibusiness.gov.sa/viewcr?nCrNumber=PKE6uWRrNXbCmX6nKtUvwA==","outDir":"E:\\1111\\react-cloner (2)\\react-cloner\\output","maxPages":100}
[2026-07-10T15:23:27.437Z] Crawling page {"url":"https://qr.saudibusiness.gov.sa/viewcr?nCrNumber=PKE6uWRrNXbCmX6nKtUvwA==","depth":0}
[2026-07-10T15:23:28.764Z] Saved file {"file":"js/config/root/env.root_q_1772371391979-index.js","bytes":2116}
[2026-07-10T15:23:28.766Z] Byte-identical JS verified {"file":"js/config/root/env.root_q_1772371391979-index.js","url":"https://qr.saudibusiness.gov.sa/config/root/env.root.js?1772371391979","ok":true,"bytes":2116,"sourceSha256":"db67be2e76a1353b7e7753459ab6a75aba7f0c036a7579bfa5e0d7d948c92cd4","savedSha256":"db67be2e76a1353b7e7753459ab6a75aba7f0c036a7579bfa5e0d7d948c92cd4"}
[2026-07-10T15:23:29.045Z] Saved file {"file":"css/assets/index-QVNIwH8F.css","bytes":63679}
[2026-07-10T15:23:29.194Z] Saved file {"file":"js/env_q_1772371391979-index.js","bytes":511}
[2026-07-10T15:23:29.195Z] Byte-identical JS verified {"file":"js/env_q_1772371391979-index.js","url":"https://qr.saudibusiness.gov.sa/env.js?1772371391979","ok":true,"bytes":511,"sourceSha256":"aa157c33c36f4645e4b85a5689c120a8a5a17fee96f78900d2f22dce225d24bd","savedSha256":"aa157c33c36f4645e4b85a5689c120a8a5a17fee96f78900d2f22dce225d24bd"}
[2026-07-10T15:23:31.359Z] Saved file {"file":"js/assets/index-CzTOOSTm.js","bytes":1409140}
[2026-07-10T15:23:31.368Z] Byte-identical JS verified {"file":"js/assets/index-CzTOOSTm.js","url":"https://qr.saudibusiness.gov.sa/assets/index-CzTOOSTm.js","ok":true,"bytes":1409140,"sourceSha256":"6633e5d6d4bc52de9741a9cc14d2723c97f353e0361adbddbb819e167edd0fc2","savedSha256":"6633e5d6d4bc52de9741a9cc14d2723c97f353e0361adbddbb819e167edd0fc2"}
[2026-07-10T15:23:33.050Z] Saved file {"file":"assets/new-logo-w-Bsa-bGtT.svg","bytes":65557}
[2026-07-10T15:23:35.643Z] Saved file {"file":"assets/DINNextLTArabic-Medium-C5X_7zdr.woff2","bytes":46332}
[2026-07-10T15:23:36.542Z] Saved file {"file":"assets/DINNextLTArabic-Regular-DYtxlCll.woff2","bytes":46320}
[2026-07-10T15:23:36.582Z] Saved file {"file":"assets/DINNextLTArabic-Bold-D6gNGPOf.woff2","bytes":46076}
[2026-07-10T15:23:36.709Z] Saved file {"file":"api/sbc/externalgw/qrapi-nl/api/app/Qr/GetCrDetails_q_mcEncryptedCrNumber-PKE6uWRrNXbCmX6nKtUvwA.json","bytes":40630}
[2026-07-10T15:23:37.526Z] Saved file {"file":"assets/sdaiaLogo-DA2sR2Cc.svg","bytes":315416}
[2026-07-10T15:23:38.227Z] Saved file {"file":"assets/header-web-DisaZgHs.jpg","bytes":409846}
[2026-07-10T15:23:38.723Z] Auto scrolling page
[2026-07-10T15:23:39.136Z] Expanding interactive content
[2026-07-10T15:23:39.151Z] Interaction pass complete {"pass":1,"clicked":0}
[2026-07-10T15:23:40.072Z] Auto scrolling page
[2026-07-10T15:23:41.836Z] ERROR Request failed {"url":"https://qr.saudibusiness.gov.sa/assets/header-mobile-Bri6g_KO.jpg","method":"GET","type":"image","failure":{"errorText":"net::ERR_ABORTED"}}
[2026-07-10T15:23:41.884Z] Saved file {"file":"js/config/root/env.root_q_1772371391979-index.js","bytes":2116}
[2026-07-10T15:23:41.885Z] Byte-identical JS verified {"file":"js/config/root/env.root_q_1772371391979-index.js","url":"https://qr.saudibusiness.gov.sa/config/root/env.root.js?1772371391979","ok":true,"bytes":2116,"sourceSha256":"db67be2e76a1353b7e7753459ab6a75aba7f0c036a7579bfa5e0d7d948c92cd4","savedSha256":"db67be2e76a1353b7e7753459ab6a75aba7f0c036a7579bfa5e0d7d948c92cd4"}
[2026-07-10T15:23:41.888Z] Saved file {"file":"js/env_q_1772371391979-index.js","bytes":511}
[2026-07-10T15:23:41.891Z] Byte-identical JS verified {"file":"js/env_q_1772371391979-index.js","url":"https://qr.saudibusiness.gov.sa/env.js?1772371391979","ok":true,"bytes":511,"sourceSha256":"aa157c33c36f4645e4b85a5689c120a8a5a17fee96f78900d2f22dce225d24bd","savedSha256":"aa157c33c36f4645e4b85a5689c120a8a5a17fee96f78900d2f22dce225d24bd"}
[2026-07-10T15:23:41.996Z] Saved file {"file":"js/assets/index-CzTOOSTm.js","bytes":1409140}
[2026-07-10T15:23:42.009Z] Byte-identical JS verified {"file":"js/assets/index-CzTOOSTm.js","url":"https://qr.saudibusiness.gov.sa/assets/index-CzTOOSTm.js","ok":true,"bytes":1409140,"sourceSha256":"6633e5d6d4bc52de9741a9cc14d2723c97f353e0361adbddbb819e167edd0fc2","savedSha256":"6633e5d6d4bc52de9741a9cc14d2723c97f353e0361adbddbb819e167edd0fc2"}
[2026-07-10T15:23:46.177Z] Saved file {"file":"assets/header-mobile-Bri6g_KO.jpg","bytes":117166}
[2026-07-10T15:23:46.685Z] Auto scrolling page
[2026-07-10T15:23:47.490Z] Expanding interactive content
[2026-07-10T15:23:47.495Z] Interaction pass complete {"pass":1,"clicked":0}
[2026-07-10T15:23:48.406Z] Auto scrolling page
[2026-07-10T15:23:50.523Z] Saved file {"file":"images/root/assets/icons/fav.svg","bytes":2833}
[2026-07-10T15:23:50.530Z] Saved file {"file":"css/assets/index-QVNIwH8F.css","bytes":71106}
[2026-07-10T15:23:50.539Z] Saved file {"file":"-nCrNumber-PKE6uWRrNXbCmX6nKtUvwA-/index.html","bytes":85038}
[2026-07-10T15:23:50.545Z] Saved file {"file":"viewcr/index.html","bytes":85010}
[2026-07-10T15:23:50.550Z] Saved file {"file":"index.html","bytes":84976}
[2026-07-10T15:23:50.553Z] Saved file {"file":"clone-report.html","bytes":2030}
[2026-07-10T15:23:50.562Z] Export verification passed
[2026-07-10T15:23:50.641Z] Clone complete {"outDir":"E:\\1111\\react-cloner (2)\\react-cloner\\output","pages":1,"files":17}
